[ 2025-06-15 16:22:18,752 ] 25 root - INFO - Entered the data ingestion method or component
[ 2025-06-15 16:22:18,792 ] 28 root - INFO - Read the dataset as dataframe
[ 2025-06-15 16:22:18,900 ] 32 root - INFO - Train Test Split initiated
[ 2025-06-15 16:22:19,012 ] 37 root - INFO - Ingestion of data is completed
[ 2025-06-15 16:22:19,118 ] 95 root - INFO - Read train and test data
[ 2025-06-15 16:22:19,118 ] 98 root - INFO - Obtaining preprocessing object
[ 2025-06-15 16:22:19,118 ] 64 root - INFO - Numerical columns scaling completed
[ 2025-06-15 16:22:19,118 ] 65 root - INFO - Categorical columns encoding and scaling completed
[ 2025-06-15 16:22:19,125 ] 124 root - INFO - Applying preprocessing object on training and testing datasets
[ 2025-06-15 16:22:19,187 ] 129 root - INFO - Encoding target variable
[ 2025-06-15 16:22:19,190 ] 143 root - INFO - Saved preprocessing object
[ 2025-06-15 16:22:19,193 ] 150 root - INFO - Saved target encoder
[ 2025-06-15 16:22:19,195 ] 53 root - INFO - Preprocessor saved at: artifacts\preprocessor.pkl
[ 2025-06-15 16:22:19,195 ] 54 root - INFO - Target encoder saved at: artifacts\target_encoder.pkl
[ 2025-06-15 16:22:19,195 ] 29 root - INFO - Splitting training and testing input data
[ 2025-06-15 16:22:19,197 ] 25 root - INFO - Training Logistic Regression
[ 2025-06-15 16:22:25,566 ] 50 root - INFO - Logistic Regression - Accuracy: 0.7990, Precision: 0.0000, Recall: 0.0000, F1: 0.0000
[ 2025-06-15 16:22:25,566 ] 25 root - INFO - Training KNeighbors-Neighbors Classifier
[ 2025-06-15 16:22:27,914 ] 50 root - INFO - KNeighbors-Neighbors Classifier - Accuracy: 0.7595, Precision: 0.1789, Recall: 0.0547, F1: 0.0838
[ 2025-06-15 16:22:27,914 ] 25 root - INFO - Training DecisionTree
[ 2025-06-15 16:22:28,713 ] 50 root - INFO - DecisionTree - Accuracy: 0.7900, Precision: 0.1250, Recall: 0.0075, F1: 0.0141
[ 2025-06-15 16:22:28,713 ] 25 root - INFO - Training RandomForest
[ 2025-06-15 16:22:33,829 ] 50 root - INFO - RandomForest - Accuracy: 0.7990, Precision: 0.0000, Recall: 0.0000, F1: 0.0000
[ 2025-06-15 16:22:33,829 ] 25 root - INFO - Training XGBoost
[ 2025-06-15 16:22:35,619 ] 50 root - INFO - XGBoost - Accuracy: 0.7990, Precision: 0.0000, Recall: 0.0000, F1: 0.0000
[ 2025-06-15 16:22:35,619 ] 25 root - INFO - Training CatBoostClassifier
[ 2025-06-15 16:23:07,151 ] 50 root - INFO - CatBoostClassifier - Accuracy: 0.7990, Precision: 0.0000, Recall: 0.0000, F1: 0.0000
[ 2025-06-15 16:23:07,151 ] 25 root - INFO - Training AdaBoostClassifier
[ 2025-06-15 16:23:13,425 ] 50 root - INFO - AdaBoostClassifier - Accuracy: 0.7990, Precision: 0.0000, Recall: 0.0000, F1: 0.0000
[ 2025-06-15 16:23:13,425 ] 100 root - INFO - Best found model: Logistic Regression with accuracy: 0.799
[ 2025-06-15 16:23:13,429 ] 111 root - INFO - Test set accuracy: 0.799
